0 info it worked if it ends with ok
1 verbose cli [ 'C:\\utils\\nodejs\\node.exe',
1 verbose cli   'C:\\utils\\nodejs\\node_modules\\npm\\bin\\npm-cli.js',
1 verbose cli   'publish' ]
2 info using npm@1.4.21
3 info using node@v0.10.30
4 verbose publish [ '.' ]
5 verbose cache add [ '.', null ]
6 verbose cache add name=undefined spec="." args=[".",null]
7 verbose parsed url { protocol: null,
7 verbose parsed url   slashes: null,
7 verbose parsed url   auth: null,
7 verbose parsed url   host: null,
7 verbose parsed url   port: null,
7 verbose parsed url   hostname: null,
7 verbose parsed url   hash: null,
7 verbose parsed url   search: null,
7 verbose parsed url   query: null,
7 verbose parsed url   pathname: '.',
7 verbose parsed url   path: '.',
7 verbose parsed url   href: '.' }
8 silly lockFile 3a52ce78- .
9 verbose lock . C:\Users\Han\AppData\Roaming\npm-cache\3a52ce78-.lock
10 verbose tar pack [ 'C:\\Users\\Han\\AppData\\Roaming\\npm-cache\\zkless-engine\\0.1.1\\package.tgz',
10 verbose tar pack   '.' ]
11 verbose tarball C:\Users\Han\AppData\Roaming\npm-cache\zkless-engine\0.1.1\package.tgz
12 verbose folder .
13 info prepublish zkless-engine@0.1.1
14 silly lockFile 1f1177db-tar tar://.
15 verbose lock tar://. C:\Users\Han\AppData\Roaming\npm-cache\1f1177db-tar.lock
16 silly lockFile 014cc64f--zkless-engine-0-1-1-package-tgz tar://C:\Users\Han\AppData\Roaming\npm-cache\zkless-engine\0.1.1\package.tgz
17 verbose lock tar://C:\Users\Han\AppData\Roaming\npm-cache\zkless-engine\0.1.1\package.tgz C:\Users\Han\AppData\Roaming\npm-cache\014cc64f--zkless-engine-0-1-1-package-tgz.lock
18 silly lockFile 1f1177db-tar tar://.
19 silly lockFile 1f1177db-tar tar://.
20 silly lockFile 014cc64f--zkless-engine-0-1-1-package-tgz tar://C:\Users\Han\AppData\Roaming\npm-cache\zkless-engine\0.1.1\package.tgz
21 silly lockFile 014cc64f--zkless-engine-0-1-1-package-tgz tar://C:\Users\Han\AppData\Roaming\npm-cache\zkless-engine\0.1.1\package.tgz
22 silly lockFile 673d75dc-ache-zkless-engine-0-1-1-package C:\Users\Han\AppData\Roaming\npm-cache\zkless-engine\0.1.1\package
23 verbose lock C:\Users\Han\AppData\Roaming\npm-cache\zkless-engine\0.1.1\package C:\Users\Han\AppData\Roaming\npm-cache\673d75dc-ache-zkless-engine-0-1-1-package.lock
24 silly lockFile 673d75dc-ache-zkless-engine-0-1-1-package C:\Users\Han\AppData\Roaming\npm-cache\zkless-engine\0.1.1\package
25 silly lockFile 673d75dc-ache-zkless-engine-0-1-1-package C:\Users\Han\AppData\Roaming\npm-cache\zkless-engine\0.1.1\package
26 silly lockFile 3a52ce78- .
27 silly lockFile 3a52ce78- .
28 silly publish { name: 'zkless-engine',
28 silly publish   version: '0.1.1',
28 silly publish   description: 'To compile LESS files into *.css.dsp (using lesscss-engine from ',
28 silly publish   main: 'CpLess.js',
28 silly publish   dependencies:
28 silly publish    { less: '^1.7.4',
28 silly publish      ncp: '^0.6.0',
28 silly publish      string: '^1.9.1',
28 silly publish      walk: '^2.3.3' },
28 silly publish   devDependencies: {},
28 silly publish   bin: { zklessc: './bin/zklessc', zklessroot: './bin/zklessroot' },
28 silly publish   scripts: { test: 'echo "Error: no test specified" && exit 1' },
28 silly publish   repository: { type: 'git', url: 'https://github.com/hanhsu/zle' },
28 silly publish   keywords: [ 'zkless' ],
28 silly publish   author:
28 silly publish    { name: 'hanhsu',
28 silly publish      email: 'hanhsu@potix.com',
28 silly publish      url: 'https://github.com/hanhsu' },
28 silly publish   license: 'ISC',
28 silly publish   bugs: { url: 'https://github.com/hanhsu/zle/issues' },
28 silly publish   homepage: 'https://github.com/hanhsu/zle',
28 silly publish   readme: 'A temp repository for zle\n',
28 silly publish   readmeFilename: 'README.md',
28 silly publish   gitHead: '505a3fd91b208f35425d168858495b4ced258a0b',
28 silly publish   _id: 'zkless-engine@0.1.1',
28 silly publish   _shasum: '226f708795cbe7cccf89b9793fce599b05c97732',
28 silly publish   _from: '.' }
29 verbose request where is /zkless-engine
30 verbose request registry https://registry.npmjs.org/
31 verbose request id fa0093011a147f4b
32 verbose url raw /zkless-engine
33 verbose url resolving [ 'https://registry.npmjs.org/', './zkless-engine' ]
34 verbose url resolved https://registry.npmjs.org/zkless-engine
35 verbose request where is https://registry.npmjs.org/zkless-engine
36 info trying registry request attempt 1 at 13:46:15
37 http PUT https://registry.npmjs.org/zkless-engine
38 http 403 https://registry.npmjs.org/zkless-engine
39 verbose headers { date: 'Wed, 20 Aug 2014 04:46:21 GMT',
39 verbose headers   server: 'CouchDB/1.5.0 (Erlang OTP/R14B04)',
39 verbose headers   'content-type': 'application/json',
39 verbose headers   'cache-control': 'max-age=60',
39 verbose headers   'content-length': '2608',
39 verbose headers   'accept-ranges': 'bytes',
39 verbose headers   via: '1.1 varnish',
39 verbose headers   'x-served-by': 'cache-ty67-TYO',
39 verbose headers   'x-cache': 'MISS',
39 verbose headers   'x-cache-hits': '0',
39 verbose headers   'x-timer': 'S1408509977.630588,VS0,VE3700',
39 verbose headers   'keep-alive': 'timeout=10, max=50',
39 verbose headers   connection: 'Keep-Alive' }
40 error publish Failed PUT 403
41 error Error: forbidden cannot modify pre-existing version: 0.1.1
41 error old={"name":"zkless-engine","version":"0.1.1","description":"To compile LESS files into *.css.dsp (using lesscss-engine from ","main":"CpLess.js","dependencies":{"less":"^1.7.4","ncp":"^0.6.0","string":"^1.9.1","walk":"^2.3.3"},"devDependencies":{},"bin":{"zklessc":"./bin/zklessc"},"scripts":{"test":"echo \"Error: no test specified\" && exit 1"},"repository":{"type":"git","url":"https://github.com/hanhsu/zle"},"keywords":["zkless"],"author":{"name":"hanhsu","email":"hanhsu@potix.com","url":"https://github.com/hanhsu"},"license":"ISC","bugs":{"url":"https://github.com/hanhsu/zle/issues"},"homepage":"https://github.com/hanhsu/zle","gitHead":"d0a9772d3dc65833889dbd36ed61856e58aa08fe","_id":"zkless-engine@0.1.1","_shasum":"7e5d10654329900721618bddff9b5b7747b87c5f","_from":".","_npmVersion":"1.4.21","_npmUser":{"name":"hanhsu","email":"hanhsu@potix.com"},"maintainers":[{"name":"hanhsu","email":"hanhsu@potix.com"}],"dist":{"shasum":"7e5d10654329900721618bddff9b5b7747b87c5f","tarball":"http://registry.npmjs.org/zkless-engine/-/zkless-engine-0.1.1.tgz"}}
41 error new={"name":"zkless-engine","version":"0.1.1","description":"To compile LESS files into *.css.dsp (using lesscss-engine from ","main":"CpLess.js","dependencies":{"less":"^1.7.4","ncp":"^0.6.0","string":"^1.9.1","walk":"^2.3.3"},"devDependencies":{},"bin":{"zklessc":"./bin/zklessc","zklessroot":"./bin/zklessroot"},"scripts":{"test":"echo \"Error: no test specified\" && exit 1"},"repository":{"type":"git","url":"https://github.com/hanhsu/zle"},"keywords":["zkless"],"author":{"name":"hanhsu","email":"hanhsu@potix.com","url":"https://github.com/hanhsu"},"license":"ISC","bugs":{"url":"https://github.com/hanhsu/zle/issues"},"homepage":"https://github.com/hanhsu/zle","readme":"A temp repository for zle\u000a","readmeFilename":"README.md","gitHead":"505a3fd91b208f35425d168858495b4ced258a0b","_id":"zkless-engine@0.1.1","_shasum":"226f708795cbe7cccf89b9793fce599b05c97732","_from":".","_npmVersion":"1.4.21","_npmUser":{"name":"hanhsu","email":"hanhsu@potix.com"},"maintainers":[{"name":"hanhsu","email":"hanhsu@potix.com"}],"dist":{"shasum":"226f708795cbe7cccf89b9793fce599b05c97732","tarball":"http://registry.npmjs.org/zkless-engine/-/zkless-engine-0.1.1.tgz"}}: zkless-engine
41 error     at RegClient.<anonymous> (C:\utils\nodejs\node_modules\npm\node_modules\npm-registry-client\lib\request.js:300:14)
41 error     at Request._callback (C:\utils\nodejs\node_modules\npm\node_modules\npm-registry-client\lib\request.js:238:65)
41 error     at Request.self.callback (C:\utils\nodejs\node_modules\npm\node_modules\request\request.js:123:22)
41 error     at Request.emit (events.js:98:17)
41 error     at Request.<anonymous> (C:\utils\nodejs\node_modules\npm\node_modules\request\request.js:893:14)
41 error     at Request.emit (events.js:117:20)
41 error     at IncomingMessage.<anonymous> (C:\utils\nodejs\node_modules\npm\node_modules\request\request.js:844:12)
41 error     at IncomingMessage.emit (events.js:117:20)
41 error     at _stream_readable.js:938:16
41 error     at process._tickCallback (node.js:419:13)
42 error If you need help, you may report this *entire* log,
42 error including the npm and node versions, at:
42 error     <http://github.com/npm/npm/issues>
43 error System Windows_NT 6.1.7601
44 error command "C:\\utils\\nodejs\\node.exe" "C:\\utils\\nodejs\\node_modules\\npm\\bin\\npm-cli.js" "publish"
45 error cwd C:\home\Han\zkless\znle
46 error node -v v0.10.30
47 error npm -v 1.4.21
48 verbose exit [ 1, true ]
